C:\USERS\DANIEL\DROPBOX\PROJECTTEMPLE\PROJECTTEMPLE\DEBUG\WIN32APP.EXE
C:\USERS\DANIEL\DROPBOX\PROJECTTEMPLE\PROJECTTEMPLE\DEBUG\WIN32APP.ILK
C:\USERS\DANIEL\DROPBOX\PROJECTTEMPLE\PROJECTTEMPLE\DEBUG\WIN32APP.PDB
C:\USERS\DANIEL\DROPBOX\PROJECTTEMPLE\PROJECTTEMPLE\WIN32APP\DEBUG\LOADSCENE.OBJ
C:\USERS\DANIEL\DROPBOX\PROJECTTEMPLE\PROJECTTEMPLE\WIN32APP\DEBUG\MAIN.OBJ
C:\USERS\DANIEL\DROPBOX\PROJECTTEMPLE\PROJECTTEMPLE\WIN32APP\DEBUG\TESTSCENE.OBJ
C:\USERS\DANIEL\DROPBOX\PROJECTTEMPLE\PROJECTTEMPLE\WIN32APP\DEBUG\VC100.PDB
C:\USERS\DANIEL\DROPBOX\PROJECTTEMPLE\PROJECTTEMPLE\WIN32APP\DEBUG\WIN32APP.EXE.INTERMEDIATE.MANIFEST
E:\DOCUMENTS\DROPBOX\DROPBOX\PROJECTTEMPLE\PROJECTTEMPLE\DEBUG\WIN32APP.EXE
E:\Documents\Dropbox\Dropbox\ProjectTemple\ProjectTemple\Debug\Win32App.pdb
E:\Documents\Dropbox\Dropbox\ProjectTemple\ProjectTemple\Win32App\Debug\cl.command.1.tlog
E:\Documents\Dropbox\Dropbox\ProjectTemple\ProjectTemple\Win32App\Debug\CL.read.1.tlog
E:\Documents\Dropbox\Dropbox\ProjectTemple\ProjectTemple\Win32App\Debug\CL.write.1.tlog
E:\Documents\Dropbox\Dropbox\ProjectTemple\ProjectTemple\Win32App\Debug\link.command.1.tlog
E:\Documents\Dropbox\Dropbox\ProjectTemple\ProjectTemple\Win32App\Debug\link.read.1.tlog
E:\Documents\Dropbox\Dropbox\ProjectTemple\ProjectTemple\Win32App\Debug\link.write.1.tlog
E:\DOCUMENTS\DROPBOX\DROPBOX\PROJECTTEMPLE\PROJECTTEMPLE\WIN32APP\DEBUG\LOADSCENE.OBJ
E:\DOCUMENTS\DROPBOX\DROPBOX\PROJECTTEMPLE\PROJECTTEMPLE\WIN32APP\DEBUG\MAIN.OBJ
E:\Documents\Dropbox\Dropbox\ProjectTemple\ProjectTemple\Win32App\Debug\mt.command.1.tlog
E:\Documents\Dropbox\Dropbox\ProjectTemple\ProjectTemple\Win32App\Debug\mt.read.1.tlog
E:\Documents\Dropbox\Dropbox\ProjectTemple\ProjectTemple\Win32App\Debug\mt.write.1.tlog
E:\DOCUMENTS\DROPBOX\DROPBOX\PROJECTTEMPLE\PROJECTTEMPLE\WIN32APP\DEBUG\TESTSCENE.OBJ
E:\Documents\Dropbox\Dropbox\ProjectTemple\ProjectTemple\Win32App\Debug\vc100.idb
E:\DOCUMENTS\DROPBOX\DROPBOX\PROJECTTEMPLE\PROJECTTEMPLE\WIN32APP\DEBUG\VC100.PDB
E:\Documents\Dropbox\Dropbox\ProjectTemple\ProjectTemple\Win32App\Debug\Win32App.exe.intermediate.manifest
