C:\USERS\DANIEL\DROPBOX\PROJECTTEMPLE\PROJECTTEMPLE\DEBUG\PROJECTTEMPLE.LIB
C:\USERS\DANIEL\DROPBOX\PROJECTTEMPLE\PROJECTTEMPLE\PROJECTTEMPLE\DEBUG\BITMAP.OBJ
C:\USERS\DANIEL\DROPBOX\PROJECTTEMPLE\PROJECTTEMPLE\PROJECTTEMPLE\DEBUG\CAMERA.OBJ
C:\USERS\DANIEL\DROPBOX\PROJECTTEMPLE\PROJECTTEMPLE\PROJECTTEMPLE\DEBUG\COLORSHADER.OBJ
C:\USERS\DANIEL\DROPBOX\PROJECTTEMPLE\PROJECTTEMPLE\PROJECTTEMPLE\DEBUG\CPUCOUNTER.OBJ
C:\USERS\DANIEL\DROPBOX\PROJECTTEMPLE\PROJECTTEMPLE\PROJECTTEMPLE\DEBUG\DX11SYSTEM.OBJ
C:\USERS\DANIEL\DROPBOX\PROJECTTEMPLE\PROJECTTEMPLE\PROJECTTEMPLE\DEBUG\FPSCOUNTER.OBJ
C:\USERS\DANIEL\DROPBOX\PROJECTTEMPLE\PROJECTTEMPLE\PROJECTTEMPLE\DEBUG\FRUSTUM.OBJ
C:\USERS\DANIEL\DROPBOX\PROJECTTEMPLE\PROJECTTEMPLE\PROJECTTEMPLE\DEBUG\GRAPHICS.OBJ
C:\USERS\DANIEL\DROPBOX\PROJECTTEMPLE\PROJECTTEMPLE\PROJECTTEMPLE\DEBUG\HAVOKSYSTEM.OBJ
C:\USERS\DANIEL\DROPBOX\PROJECTTEMPLE\PROJECTTEMPLE\PROJECTTEMPLE\DEBUG\INPUT.OBJ
C:\USERS\DANIEL\DROPBOX\PROJECTTEMPLE\PROJECTTEMPLE\PROJECTTEMPLE\DEBUG\LIGHT.OBJ
C:\USERS\DANIEL\DROPBOX\PROJECTTEMPLE\PROJECTTEMPLE\PROJECTTEMPLE\DEBUG\LIGHTSHADER.OBJ
C:\USERS\DANIEL\DROPBOX\PROJECTTEMPLE\PROJECTTEMPLE\PROJECTTEMPLE\DEBUG\LOGMANAGER.OBJ
C:\USERS\DANIEL\DROPBOX\PROJECTTEMPLE\PROJECTTEMPLE\PROJECTTEMPLE\DEBUG\MATH.OBJ
C:\USERS\DANIEL\DROPBOX\PROJECTTEMPLE\PROJECTTEMPLE\PROJECTTEMPLE\DEBUG\MATRIX3.OBJ
C:\USERS\DANIEL\DROPBOX\PROJECTTEMPLE\PROJECTTEMPLE\PROJECTTEMPLE\DEBUG\MATRIX4.OBJ
C:\USERS\DANIEL\DROPBOX\PROJECTTEMPLE\PROJECTTEMPLE\PROJECTTEMPLE\DEBUG\MESH.OBJ
C:\USERS\DANIEL\DROPBOX\PROJECTTEMPLE\PROJECTTEMPLE\PROJECTTEMPLE\DEBUG\MODEL.OBJ
C:\USERS\DANIEL\DROPBOX\PROJECTTEMPLE\PROJECTTEMPLE\PROJECTTEMPLE\DEBUG\MULTITEXTURESHADER.OBJ
C:\USERS\DANIEL\DROPBOX\PROJECTTEMPLE\PROJECTTEMPLE\PROJECTTEMPLE\DEBUG\OVERLORD.OBJ
C:\USERS\DANIEL\DROPBOX\PROJECTTEMPLE\PROJECTTEMPLE\PROJECTTEMPLE\DEBUG\PLAYER.OBJ
C:\USERS\DANIEL\DROPBOX\PROJECTTEMPLE\PROJECTTEMPLE\PROJECTTEMPLE\DEBUG\QUATERNION.OBJ
C:\USERS\DANIEL\DROPBOX\PROJECTTEMPLE\PROJECTTEMPLE\PROJECTTEMPLE\DEBUG\SETTINGS.OBJ
C:\USERS\DANIEL\DROPBOX\PROJECTTEMPLE\PROJECTTEMPLE\PROJECTTEMPLE\DEBUG\SHADERMANAGER.OBJ
C:\USERS\DANIEL\DROPBOX\PROJECTTEMPLE\PROJECTTEMPLE\PROJECTTEMPLE\DEBUG\SOUNDSYSTEM.OBJ
C:\USERS\DANIEL\DROPBOX\PROJECTTEMPLE\PROJECTTEMPLE\PROJECTTEMPLE\DEBUG\SYSTEM.OBJ
C:\USERS\DANIEL\DROPBOX\PROJECTTEMPLE\PROJECTTEMPLE\PROJECTTEMPLE\DEBUG\TEXT.OBJ
C:\USERS\DANIEL\DROPBOX\PROJECTTEMPLE\PROJECTTEMPLE\PROJECTTEMPLE\DEBUG\TEXTURE.OBJ
C:\USERS\DANIEL\DROPBOX\PROJECTTEMPLE\PROJECTTEMPLE\PROJECTTEMPLE\DEBUG\TEXTUREMANAGER.OBJ
C:\USERS\DANIEL\DROPBOX\PROJECTTEMPLE\PROJECTTEMPLE\PROJECTTEMPLE\DEBUG\TEXTURESHADER.OBJ
C:\USERS\DANIEL\DROPBOX\PROJECTTEMPLE\PROJECTTEMPLE\PROJECTTEMPLE\DEBUG\THREAD.OBJ
C:\USERS\DANIEL\DROPBOX\PROJECTTEMPLE\PROJECTTEMPLE\PROJECTTEMPLE\DEBUG\TIMER.OBJ
C:\USERS\DANIEL\DROPBOX\PROJECTTEMPLE\PROJECTTEMPLE\PROJECTTEMPLE\DEBUG\VC100.PDB
C:\USERS\DANIEL\DROPBOX\PROJECTTEMPLE\PROJECTTEMPLE\PROJECTTEMPLE\DEBUG\VECTOR2.OBJ
C:\USERS\DANIEL\DROPBOX\PROJECTTEMPLE\PROJECTTEMPLE\PROJECTTEMPLE\DEBUG\VECTOR3.OBJ
C:\USERS\DANIEL\DROPBOX\PROJECTTEMPLE\PROJECTTEMPLE\PROJECTTEMPLE\DEBUG\VECTOR4.OBJ
E:\DOCUMENTS\DROPBOX\DROPBOX\PROJECTTEMPLE\PROJECTTEMPLE\DEBUG\PROJECTTEMPLE.LIB
E:\DOCUMENTS\DROPBOX\DROPBOX\PROJECTTEMPLE\PROJECTTEMPLE\PROJECTTEMPLE\DEBUG\BITMAP.OBJ
E:\DOCUMENTS\DROPBOX\DROPBOX\PROJECTTEMPLE\PROJECTTEMPLE\PROJECTTEMPLE\DEBUG\CAMERA.OBJ
E:\Documents\Dropbox\Dropbox\ProjectTemple\ProjectTemple\ProjectTemple\Debug\cl.command.1.tlog
E:\Documents\Dropbox\Dropbox\ProjectTemple\ProjectTemple\ProjectTemple\Debug\CL.read.1.tlog
E:\Documents\Dropbox\Dropbox\ProjectTemple\ProjectTemple\ProjectTemple\Debug\CL.write.1.tlog
E:\DOCUMENTS\DROPBOX\DROPBOX\PROJECTTEMPLE\PROJECTTEMPLE\PROJECTTEMPLE\DEBUG\COLORSHADER.OBJ
E:\DOCUMENTS\DROPBOX\DROPBOX\PROJECTTEMPLE\PROJECTTEMPLE\PROJECTTEMPLE\DEBUG\CPUCOUNTER.OBJ
E:\DOCUMENTS\DROPBOX\DROPBOX\PROJECTTEMPLE\PROJECTTEMPLE\PROJECTTEMPLE\DEBUG\DX11SYSTEM.OBJ
E:\DOCUMENTS\DROPBOX\DROPBOX\PROJECTTEMPLE\PROJECTTEMPLE\PROJECTTEMPLE\DEBUG\FPSCOUNTER.OBJ
E:\DOCUMENTS\DROPBOX\DROPBOX\PROJECTTEMPLE\PROJECTTEMPLE\PROJECTTEMPLE\DEBUG\FRUSTUM.OBJ
E:\DOCUMENTS\DROPBOX\DROPBOX\PROJECTTEMPLE\PROJECTTEMPLE\PROJECTTEMPLE\DEBUG\GRAPHICS.OBJ
E:\DOCUMENTS\DROPBOX\DROPBOX\PROJECTTEMPLE\PROJECTTEMPLE\PROJECTTEMPLE\DEBUG\HAVOKSYSTEM.OBJ
E:\DOCUMENTS\DROPBOX\DROPBOX\PROJECTTEMPLE\PROJECTTEMPLE\PROJECTTEMPLE\DEBUG\INPUT.OBJ
E:\Documents\Dropbox\Dropbox\ProjectTemple\ProjectTemple\ProjectTemple\Debug\lib.command.1.tlog
E:\Documents\Dropbox\Dropbox\ProjectTemple\ProjectTemple\ProjectTemple\Debug\Lib-link.read.1.tlog
E:\Documents\Dropbox\Dropbox\ProjectTemple\ProjectTemple\ProjectTemple\Debug\Lib-link.write.1.tlog
E:\DOCUMENTS\DROPBOX\DROPBOX\PROJECTTEMPLE\PROJECTTEMPLE\PROJECTTEMPLE\DEBUG\LIGHT.OBJ
E:\DOCUMENTS\DROPBOX\DROPBOX\PROJECTTEMPLE\PROJECTTEMPLE\PROJECTTEMPLE\DEBUG\LIGHTSHADER.OBJ
E:\DOCUMENTS\DROPBOX\DROPBOX\PROJECTTEMPLE\PROJECTTEMPLE\PROJECTTEMPLE\DEBUG\LOGMANAGER.OBJ
E:\DOCUMENTS\DROPBOX\DROPBOX\PROJECTTEMPLE\PROJECTTEMPLE\PROJECTTEMPLE\DEBUG\MATH.OBJ
E:\DOCUMENTS\DROPBOX\DROPBOX\PROJECTTEMPLE\PROJECTTEMPLE\PROJECTTEMPLE\DEBUG\MATRIX3.OBJ
E:\DOCUMENTS\DROPBOX\DROPBOX\PROJECTTEMPLE\PROJECTTEMPLE\PROJECTTEMPLE\DEBUG\MATRIX4.OBJ
E:\DOCUMENTS\DROPBOX\DROPBOX\PROJECTTEMPLE\PROJECTTEMPLE\PROJECTTEMPLE\DEBUG\MESH.OBJ
E:\DOCUMENTS\DROPBOX\DROPBOX\PROJECTTEMPLE\PROJECTTEMPLE\PROJECTTEMPLE\DEBUG\MODEL.OBJ
E:\DOCUMENTS\DROPBOX\DROPBOX\PROJECTTEMPLE\PROJECTTEMPLE\PROJECTTEMPLE\DEBUG\MULTITEXTURESHADER.OBJ
E:\DOCUMENTS\DROPBOX\DROPBOX\PROJECTTEMPLE\PROJECTTEMPLE\PROJECTTEMPLE\DEBUG\OVERLORD.OBJ
E:\DOCUMENTS\DROPBOX\DROPBOX\PROJECTTEMPLE\PROJECTTEMPLE\PROJECTTEMPLE\DEBUG\PLAYER.OBJ
E:\DOCUMENTS\DROPBOX\DROPBOX\PROJECTTEMPLE\PROJECTTEMPLE\PROJECTTEMPLE\DEBUG\QUATERNION.OBJ
E:\DOCUMENTS\DROPBOX\DROPBOX\PROJECTTEMPLE\PROJECTTEMPLE\PROJECTTEMPLE\DEBUG\SETTINGS.OBJ
E:\DOCUMENTS\DROPBOX\DROPBOX\PROJECTTEMPLE\PROJECTTEMPLE\PROJECTTEMPLE\DEBUG\SHADERMANAGER.OBJ
E:\DOCUMENTS\DROPBOX\DROPBOX\PROJECTTEMPLE\PROJECTTEMPLE\PROJECTTEMPLE\DEBUG\SOUNDSYSTEM.OBJ
E:\DOCUMENTS\DROPBOX\DROPBOX\PROJECTTEMPLE\PROJECTTEMPLE\PROJECTTEMPLE\DEBUG\SYSTEM.OBJ
E:\DOCUMENTS\DROPBOX\DROPBOX\PROJECTTEMPLE\PROJECTTEMPLE\PROJECTTEMPLE\DEBUG\TEXT.OBJ
E:\DOCUMENTS\DROPBOX\DROPBOX\PROJECTTEMPLE\PROJECTTEMPLE\PROJECTTEMPLE\DEBUG\TEXTURE.OBJ
E:\DOCUMENTS\DROPBOX\DROPBOX\PROJECTTEMPLE\PROJECTTEMPLE\PROJECTTEMPLE\DEBUG\TEXTUREMANAGER.OBJ
E:\DOCUMENTS\DROPBOX\DROPBOX\PROJECTTEMPLE\PROJECTTEMPLE\PROJECTTEMPLE\DEBUG\TEXTURESHADER.OBJ
E:\DOCUMENTS\DROPBOX\DROPBOX\PROJECTTEMPLE\PROJECTTEMPLE\PROJECTTEMPLE\DEBUG\THREAD.OBJ
E:\DOCUMENTS\DROPBOX\DROPBOX\PROJECTTEMPLE\PROJECTTEMPLE\PROJECTTEMPLE\DEBUG\TIMER.OBJ
E:\Documents\Dropbox\Dropbox\ProjectTemple\ProjectTemple\ProjectTemple\Debug\vc100.idb
E:\DOCUMENTS\DROPBOX\DROPBOX\PROJECTTEMPLE\PROJECTTEMPLE\PROJECTTEMPLE\DEBUG\VC100.PDB
E:\DOCUMENTS\DROPBOX\DROPBOX\PROJECTTEMPLE\PROJECTTEMPLE\PROJECTTEMPLE\DEBUG\VECTOR2.OBJ
E:\DOCUMENTS\DROPBOX\DROPBOX\PROJECTTEMPLE\PROJECTTEMPLE\PROJECTTEMPLE\DEBUG\VECTOR3.OBJ
E:\DOCUMENTS\DROPBOX\DROPBOX\PROJECTTEMPLE\PROJECTTEMPLE\PROJECTTEMPLE\DEBUG\VECTOR4.OBJ
